0 info it worked if it ends with ok
1 verbose cli [ 'node', '/usr/local/bin/npm', 'install', '-g', 'introtowebgl' ]
2 info using npm@2.7.4
3 info using node@v0.12.2
4 silly cache add args [ 'introtowebgl', null ]
5 verbose cache add spec introtowebgl
6 silly cache add parsed spec { raw: 'introtowebgl',
6 silly cache add   scope: null,
6 silly cache add   name: 'introtowebgl',
6 silly cache add   rawSpec: '',
6 silly cache add   spec: '*',
6 silly cache add   type: 'range' }
7 verbose addNamed introtowebgl@*
8 silly addNamed semver.valid null
9 silly addNamed semver.validRange *
10 silly addNameRange { name: 'introtowebgl', range: '*', hasData: false }
11 silly mapToRegistry name introtowebgl
12 silly mapToRegistry using default registry
13 silly mapToRegistry registry https://registry.npmjs.org/
14 silly mapToRegistry uri https://registry.npmjs.org/introtowebgl
15 verbose addNameRange registry:https://registry.npmjs.org/introtowebgl not in flight; fetching
16 verbose request uri https://registry.npmjs.org/introtowebgl
17 verbose request no auth needed
18 info attempt registry request try #1 at 11:56:39 PM
19 verbose request id 806796492a5a53c8
20 http request GET https://registry.npmjs.org/introtowebgl
21 http 200 https://registry.npmjs.org/introtowebgl
22 silly get cb [ 200,
22 silly get   { server: 'CouchDB/1.5.0 (Erlang OTP/R16B03)',
22 silly get     etag: '"C5X4NPCKG533JJKI7NOYSEOG1"',
22 silly get     'content-type': 'application/json',
22 silly get     'cache-control': 'max-age=60',
22 silly get     'content-length': '10432',
22 silly get     'accept-ranges': 'bytes',
22 silly get     date: 'Sun, 19 Apr 2015 04:56:38 GMT',
22 silly get     via: '1.1 varnish',
22 silly get     age: '0',
22 silly get     connection: 'keep-alive',
22 silly get     'x-served-by': 'cache-ord1725-ORD',
22 silly get     'x-cache': 'MISS',
22 silly get     'x-cache-hits': '0',
22 silly get     'x-timer': 'S1429419398.462727,VS0,VE45',
22 silly get     vary: 'Accept' } ]
23 verbose get saving introtowebgl to /Users/mitchellmassey/.npm/registry.npmjs.org/introtowebgl/.cache.json
24 silly addNameRange number 2 { name: 'introtowebgl', range: '*', hasData: true }
25 silly addNameRange versions [ 'introtowebgl',
25 silly addNameRange   [ '0.0.1', '0.0.2', '0.0.3', '0.0.4', '1.0.0', '1.0.1' ] ]
26 verbose addNamed introtowebgl@1.0.1
27 silly addNamed semver.valid 1.0.1
28 silly addNamed semver.validRange 1.0.1
29 silly mapToRegistry name introtowebgl
30 silly mapToRegistry using default registry
31 silly mapToRegistry registry https://registry.npmjs.org/
32 silly mapToRegistry uri https://registry.npmjs.org/introtowebgl
33 verbose addRemoteTarball https://registry.npmjs.org/introtowebgl/-/introtowebgl-1.0.1.tgz not in flight; adding
34 verbose addRemoteTarball [ 'https://registry.npmjs.org/introtowebgl/-/introtowebgl-1.0.1.tgz',
34 verbose addRemoteTarball   '90c30697564d01a8e150877558383279be008bac' ]
35 info retry fetch attempt 1 at 11:56:39 PM
36 info attempt registry request try #1 at 11:56:39 PM
37 http fetch GET https://registry.npmjs.org/introtowebgl/-/introtowebgl-1.0.1.tgz
38 http fetch 200 https://registry.npmjs.org/introtowebgl/-/introtowebgl-1.0.1.tgz
39 silly fetchAndShaCheck shasum 90c30697564d01a8e150877558383279be008bac
40 verbose addTmpTarball /var/folders/ty/973k99_s53vf6nlnbrt9whb40000gn/T/npm-64898-1ca55c16/registry.npmjs.org/introtowebgl/-/introtowebgl-1.0.1.tgz not in flight; adding
41 verbose addTmpTarball already have metadata; skipping unpack for introtowebgl@1.0.1
42 silly cache afterAdd introtowebgl@1.0.1
43 verbose afterAdd /Users/mitchellmassey/.npm/introtowebgl/1.0.1/package/package.json not in flight; writing
44 verbose afterAdd /Users/mitchellmassey/.npm/introtowebgl/1.0.1/package/package.json written
45 silly install resolved [ { name: 'introtowebgl',
45 silly install resolved     version: '1.0.1',
45 silly install resolved     description: 'Introduction to WebGL with three.js',
45 silly install resolved     author:
45 silly install resolved      { name: 'Alex Mackey',
45 silly install resolved        email: 'alexjmackey@gmail.com',
45 silly install resolved        url: 'https://github.com/alexmackey' },
45 silly install resolved     contributors: [ [Object] ],
45 silly install resolved     repository:
45 silly install resolved      { type: 'git',
45 silly install resolved        url: 'https://github.com/alexmackey/IntroToWebGLWithThreeJS.git' },
45 silly install resolved     license: 'CC-BY-NC-3.0',
45 silly install resolved     dependencies:
45 silly install resolved      { workshopper: '^1.0.0-alpha05',
45 silly install resolved        'workshopper-exercise': '^0.2.2',
45 silly install resolved        'workshopper-wrappedexec': '^0.1.1',
45 silly install resolved        'workshopper-boilerplate': '0.0.1',
45 silly install resolved        'concat-stream': '^1.4.1',
45 silly install resolved        duplexer: '^0.1.1',
45 silly install resolved        through: '^2.3.4',
45 silly install resolved        boganipsum: '^0.1.0',
45 silly install resolved        hyperquest: '^0.2.0',
45 silly install resolved        bl: '^0.7.0',
45 silly install resolved        'through2-map': '^1.2.1',
45 silly install resolved        'colors-tmpl': '^0.1.0',
45 silly install resolved        after: '^0.8.1',
45 silly install resolved        rimraf: '^2.2.6',
45 silly install resolved        chalk: '^0.4.0',
45 silly install resolved        through2: '^0.4.1' },
45 silly install resolved     bin: { introtowebgl: './introtowebgl.js' },
45 silly install resolved     preferGlobal: true,
45 silly install resolved     bugs: { url: 'https://github.com/alexmackey/IntroToWebGLWithThreeJS/issues' },
45 silly install resolved     homepage: 'https://github.com/alexmackey/IntroToWebGLWithThreeJS',
45 silly install resolved     _id: 'introtowebgl@1.0.1',
45 silly install resolved     _shasum: '90c30697564d01a8e150877558383279be008bac',
45 silly install resolved     _from: 'introtowebgl@*',
45 silly install resolved     _npmVersion: '1.4.9',
45 silly install resolved     _npmUser: { name: 'alexmackey', email: 'alexjmackey@gmail.com' },
45 silly install resolved     maintainers: [ [Object] ],
45 silly install resolved     dist:
45 silly install resolved      { shasum: '90c30697564d01a8e150877558383279be008bac',
45 silly install resolved        tarball: 'http://registry.npmjs.org/introtowebgl/-/introtowebgl-1.0.1.tgz' },
45 silly install resolved     directories: {},
45 silly install resolved     _resolved: 'https://registry.npmjs.org/introtowebgl/-/introtowebgl-1.0.1.tgz' } ]
46 info install introtowebgl@1.0.1 into /usr/local/lib
47 info installOne introtowebgl@1.0.1
48 verbose installOne of introtowebgl to /usr/local/lib not in flight; installing
49 verbose lock using /Users/mitchellmassey/.npm/_locks/introtowebgl-3d03ef8599508279.lock for /usr/local/lib/node_modules/introtowebgl
50 silly install write writing introtowebgl 1.0.1 to /usr/local/lib/node_modules/introtowebgl
51 silly cache addNamed cb introtowebgl@1.0.1
52 verbose unbuild lib/node_modules/introtowebgl
53 silly gentlyRm /usr/local/lib/node_modules/introtowebgl is being purged from base /usr/local
54 verbose gentlyRm don't care about contents; nuking /usr/local/lib/node_modules/introtowebgl
55 verbose tar unpack /Users/mitchellmassey/.npm/introtowebgl/1.0.1/package.tgz
56 verbose tar unpacking to /usr/local/lib/node_modules/introtowebgl
57 silly gentlyRm /usr/local/lib/node_modules/introtowebgl is being purged
58 verbose gentlyRm don't care about contents; nuking /usr/local/lib/node_modules/introtowebgl
59 silly gunzTarPerm modes [ '755', '644' ]
60 error tar.unpack untar error /Users/mitchellmassey/.npm/introtowebgl/1.0.1/package.tgz
61 verbose unlock done using /Users/mitchellmassey/.npm/_locks/introtowebgl-3d03ef8599508279.lock for /usr/local/lib/node_modules/introtowebgl
62 verbose fstream_path /usr/local/lib/node_modules/introtowebgl
63 verbose fstream_type Directory
64 verbose fstream_class DirWriter
65 verbose stack Error: EACCES, mkdir '/usr/local/lib/node_modules/introtowebgl'
65 verbose stack     at Error (native)
66 verbose fstream_stack /usr/local/lib/node_modules/npm/node_modules/fstream/lib/dir-writer.js:36:23
66 verbose fstream_stack /usr/local/lib/node_modules/npm/node_modules/mkdirp/index.js:46:53
66 verbose fstream_stack FSReqWrap.oncomplete (fs.js:95:15)
67 verbose cwd /Users/mitchellmassey/Sites/webgl
68 error Darwin 14.1.0
69 error argv "node" "/usr/local/bin/npm" "install" "-g" "introtowebgl"
70 error node v0.12.2
71 error npm  v2.7.4
72 error path /usr/local/lib/node_modules/introtowebgl
73 error code EACCES
74 error errno -13
75 error Error: EACCES, mkdir '/usr/local/lib/node_modules/introtowebgl'
75 error     at Error (native)
75 error  { [Error: EACCES, mkdir '/usr/local/lib/node_modules/introtowebgl']
75 error   errno: -13,
75 error   code: 'EACCES',
75 error   path: '/usr/local/lib/node_modules/introtowebgl',
75 error   fstream_type: 'Directory',
75 error   fstream_path: '/usr/local/lib/node_modules/introtowebgl',
75 error   fstream_class: 'DirWriter',
75 error   fstream_stack:
75 error    [ '/usr/local/lib/node_modules/npm/node_modules/fstream/lib/dir-writer.js:36:23',
75 error      '/usr/local/lib/node_modules/npm/node_modules/mkdirp/index.js:46:53',
75 error      'FSReqWrap.oncomplete (fs.js:95:15)' ] }
76 error Please try running this command again as root/Administrator.
77 verbose exit [ -13, true ]
78 verbose unbuild lib/node_modules/introtowebgl
79 silly gentlyRm /usr/local/lib/node_modules/introtowebgl is being purged from base /usr/local
80 verbose gentlyRm don't care about contents; nuking /usr/local/lib/node_modules/introtowebgl
